<?xml version="1.0" encoding="UTF-8"?>
<!-- Generated by org.testng.reporters.JUnitReportReporter -->
<testsuite name="com.nationalguard.MavenDataDrivenNationalGuard.NationalGuardGetStarted" tests="1" time="82.145" ignored="0" failures="0" timestamp="11 Nov 2019 02:00:16 GMT" skipped="0" hostname="ajay-PC" errors="0">
  <testcase name="getStartedForm" time="82.145" classname="com.nationalguard.MavenDataDrivenNationalGuard.NationalGuardGetStarted"/>
</testsuite> <!-- com.nationalguard.MavenDataDrivenNationalGuard.NationalGuardGetStarted -->
