<?xml version="1.0" encoding="UTF-8"?>
<!-- Generated by org.testng.reporters.JUnitReportReporter -->
<testsuite name="com.nationalguard.getstarted.NationalGuardGetStarted" tests="1" time="168.727" ignored="0" failures="0" timestamp="29 Jan 2020 05:03:26 GMT" skipped="0" hostname="ajay-PC" errors="0">
  <testcase name="getStartedForm" time="168.727" classname="com.nationalguard.getstarted.NationalGuardGetStarted"/>
</testsuite> <!-- com.nationalguard.getstarted.NationalGuardGetStarted -->
