<?xml version="1.0" encoding="UTF-8"?>
<!-- Generated by org.testng.reporters.JUnitReportReporter -->
<testsuite name="com.nationalguard.fitness.FitnessCal" tests="2" time="48.924" ignored="0" failures="0" timestamp="21 Dec 2019 04:26:30 GMT" skipped="0" hostname="ajay-PC" errors="0">
  <testcase name="fitnessCalculatorMale" time="21.780" classname="com.nationalguard.fitness.FitnessCal"/>
  <testcase name="fitnessCalculatorFemale" time="27.144" classname="com.nationalguard.fitness.FitnessCal"/>
</testsuite> <!-- com.nationalguard.fitness.FitnessCal -->
