<?xml version="1.0" encoding="UTF-8"?>
<!-- Generated by org.testng.reporters.JUnitReportReporter -->
<testsuite name="com.nationalguard.getstarted.NationalGuardGetStarted" tests="1" time="141.760" ignored="0" failures="0" timestamp="30 Jan 2020 23:20:51 GMT" skipped="0" hostname="ajay-PC" errors="0">
  <testcase name="getStartedForm" time="141.760" classname="com.nationalguard.getstarted.NationalGuardGetStarted"/>
</testsuite> <!-- com.nationalguard.getstarted.NationalGuardGetStarted -->
