<?xml version="1.0" encoding="UTF-8"?>
<!-- Generated by org.testng.reporters.JUnitReportReporter -->
<testsuite name="com.nationalguard.guardpay.GuardPayTest" tests="2" time="34.818" ignored="0" failures="0" timestamp="13 Nov 2019 02:31:48 GMT" skipped="0" hostname="ajay-PC" errors="0">
  <testcase name="guardpayEnlisted" time="18.083" classname="com.nationalguard.guardpay.GuardPayTest"/>
  <testcase name="guardpayOfficer" time="16.735" classname="com.nationalguard.guardpay.GuardPayTest"/>
</testsuite> <!-- com.nationalguard.guardpay.GuardPayTest -->
