<?xml version="1.0" encoding="UTF-8"?>
<!-- Generated by org.testng.reporters.JUnitReportReporter -->
<testsuite name="com.nationalguard.MavenDataDrivenNationalGuard.FitnessCal" tests="2" time="42.871" ignored="0" failures="0" timestamp="30 Sep 2019 06:38:40 GMT" skipped="0" hostname="ajay-PC" errors="0">
  <testcase name="fitnessCalculatorFemale" time="23.000" classname="com.nationalguard.MavenDataDrivenNationalGuard.FitnessCal"/>
  <testcase name="fitnessCalculatorMale" time="19.871" classname="com.nationalguard.MavenDataDrivenNationalGuard.FitnessCal"/>
</testsuite> <!-- com.nationalguard.MavenDataDrivenNationalGuard.FitnessCal -->
