<?xml version="1.0" encoding="UTF-8"?>
<!-- Generated by org.testng.reporters.JUnitReportReporter -->
<testsuite name="com.nationalguard.weightcal.WeightCalculatorTest" tests="2" time="33.440" ignored="0" failures="0" timestamp="13 Nov 2019 02:31:48 GMT" skipped="0" hostname="ajay-PC" errors="0">
  <testcase name="weightCalculatorMale" time="16.426" classname="com.nationalguard.weightcal.WeightCalculatorTest"/>
  <testcase name="weightCalculatorFemale" time="17.014" classname="com.nationalguard.weightcal.WeightCalculatorTest"/>
</testsuite> <!-- com.nationalguard.weightcal.WeightCalculatorTest -->
