<?xml version="1.0" encoding="UTF-8"?>
<!-- Generated by org.testng.reporters.JUnitReportReporter -->
<testsuite name="com.nationalguard.guardpay.GuardPayTest" tests="2" time="39.265" ignored="0" failures="0" timestamp="12 Nov 2019 06:50:17 GMT" skipped="0" hostname="ajay-PC" errors="0">
  <testcase name="guardpayEnlisted" time="19.462" classname="com.nationalguard.guardpay.GuardPayTest"/>
  <testcase name="guardpayOfficer" time="19.803" classname="com.nationalguard.guardpay.GuardPayTest"/>
</testsuite> <!-- com.nationalguard.guardpay.GuardPayTest -->
