<?xml version="1.0" encoding="UTF-8"?>
<!-- Generated by org.testng.reporters.JUnitReportReporter -->
<testsuite name="com.nationalguard.MavenDataDrivenNationalGuard.GuardPayTest" tests="2" time="36.692" ignored="0" failures="0" timestamp="30 Sep 2019 06:38:40 GMT" skipped="0" hostname="ajay-PC" errors="0">
  <testcase name="guardpayOfficer" time="16.814" classname="com.nationalguard.MavenDataDrivenNationalGuard.GuardPayTest"/>
  <testcase name="guardpayEnlisted" time="19.878" classname="com.nationalguard.MavenDataDrivenNationalGuard.GuardPayTest"/>
</testsuite> <!-- com.nationalguard.MavenDataDrivenNationalGuard.GuardPayTest -->
