<?xml version="1.0" encoding="UTF-8"?>
<!-- Generated by org.testng.reporters.JUnitReportReporter -->
<testsuite name="com.nationalguard.getstarted.NationalGuardGetStarted" tests="1" time="85.601" ignored="0" failures="0" timestamp="21 Dec 2019 04:26:30 GMT" skipped="0" hostname="ajay-PC" errors="0">
  <testcase name="getStartedForm" time="85.601" classname="com.nationalguard.getstarted.NationalGuardGetStarted"/>
</testsuite> <!-- com.nationalguard.getstarted.NationalGuardGetStarted -->
