<?xml version="1.0" encoding="UTF-8"?>
<!-- Generated by org.testng.reporters.JUnitReportReporter -->
<testsuite name="com.nationalguard.MavenDataDrivenNationalGuard.FitnessCal" tests="2" time="35.035" ignored="0" failures="0" timestamp="10 Nov 2019 07:06:32 GMT" skipped="0" hostname="ajay-PC" errors="0">
  <testcase name="fitnessCalculatorFemale" time="18.782" classname="com.nationalguard.MavenDataDrivenNationalGuard.FitnessCal"/>
  <testcase name="fitnessCalculatorMale" time="16.253" classname="com.nationalguard.MavenDataDrivenNationalGuard.FitnessCal"/>
</testsuite> <!-- com.nationalguard.MavenDataDrivenNationalGuard.FitnessCal -->
