<?xml version="1.0" encoding="UTF-8"?>
<!-- Generated by org.testng.reporters.JUnitReportReporter -->
<testsuite name="com.nationalguard.MavenDataDrivenNationalGuard.NationalGuardGetStarted" tests="2" time="89.140" ignored="0" failures="0" timestamp="30 Sep 2019 06:38:40 GMT" skipped="0" hostname="ajay-PC" errors="0">
  <testcase name="getStartedForm" time="76.308" classname="com.nationalguard.MavenDataDrivenNationalGuard.NationalGuardGetStarted"/>
  <testcase name="fitnessCalculator" time="12.832" classname="com.nationalguard.MavenDataDrivenNationalGuard.NationalGuardGetStarted"/>
</testsuite> <!-- com.nationalguard.MavenDataDrivenNationalGuard.NationalGuardGetStarted -->
