<?xml version="1.0" encoding="UTF-8"?>
<!-- Generated by org.testng.reporters.JUnitReportReporter -->
<testsuite name="com.nationalguard.getstarted.NationalGuardGetStarted" tests="1" time="76.874" ignored="0" failures="0" timestamp="13 Nov 2019 02:31:48 GMT" skipped="0" hostname="ajay-PC" errors="0">
  <testcase name="getStartedForm" time="76.874" classname="com.nationalguard.getstarted.NationalGuardGetStarted"/>
</testsuite> <!-- com.nationalguard.getstarted.NationalGuardGetStarted -->
