<?xml version="1.0" encoding="UTF-8"?>
<!-- Generated by org.testng.reporters.JUnitReportReporter -->
<testsuite name="com.nationalguard.fitness.FitnessCal" tests="2" time="68.815" ignored="0" failures="0" timestamp="27 Dec 2019 03:17:59 GMT" skipped="0" hostname="ajay-PC" errors="0">
  <testcase name="fitnessCalculatorMale" time="39.401" classname="com.nationalguard.fitness.FitnessCal"/>
  <testcase name="fitnessCalculatorFemale" time="29.414" classname="com.nationalguard.fitness.FitnessCal"/>
</testsuite> <!-- com.nationalguard.fitness.FitnessCal -->
