<?xml version="1.0" encoding="UTF-8"?>
<!-- Generated by org.testng.reporters.JUnitReportReporter -->
<testsuite name="com.nationalguard.weightcal.WeightCalculatorTest" tests="2" time="33.576" ignored="0" failures="0" timestamp="12 Nov 2019 06:50:17 GMT" skipped="0" hostname="ajay-PC" errors="0">
  <testcase name="weightCalculatorFemale" time="17.633" classname="com.nationalguard.weightcal.WeightCalculatorTest"/>
  <testcase name="weightCalculatorMale" time="15.943" classname="com.nationalguard.weightcal.WeightCalculatorTest"/>
</testsuite> <!-- com.nationalguard.weightcal.WeightCalculatorTest -->
